app/build/intermediates/manifest_merge_blame_file/debug/manifest-merger-blame-debug-report.txt
1<?xml version="1.0" encoding="utf-8"?>
2<manifest xmlns:android="http://schemas.android.com/apk/res/android"
3    package="id.masnadh.myapppeg"
4    android:versionCode="1"
5    android:versionName="1.1" >
6
7    <uses-sdk
8        android:minSdkVersion="21"
8-->src/main/AndroidManifest.xml
9        android:targetSdkVersion="28" />
9-->src/main/AndroidManifest.xml
10
11    <uses-permission android:name="android.permission.INTERNET" />
11-->src/main/AndroidManifest.xml:5:5-67
11-->src/main/AndroidManifest.xml:5:22-64
12    <uses-permission android:name="android.permission.ACCESS_NETWORK_STATE" />
12-->src/main/AndroidManifest.xml:6:5-79
12-->src/main/AndroidManifest.xml:6:22-76
13    <uses-permission android:name="android.permission.READ_EXTERNAL_STORAGE" />
13-->src/main/AndroidManifest.xml:7:5-80
13-->src/main/AndroidManifest.xml:7:22-77
14    <uses-permission android:name="android.permission.WRITE_EXTERNAL_STORAGE" />
14-->src/main/AndroidManifest.xml:8:5-81
14-->src/main/AndroidManifest.xml:8:22-78
15
16    <application
16-->src/main/AndroidManifest.xml:10:5-53:19
17        android:name="id.masnadh.myapppeg.connections.AppController"
17-->src/main/AndroidManifest.xml:11:9-50
18        android:allowBackup="true"
18-->src/main/AndroidManifest.xml:12:9-35
19        android:appComponentFactory="androidx.core.app.CoreComponentFactory"
19-->[androidx.core:core:1.1.0] AndroidManifest.xml:24:18-86
20        android:debuggable="true"
21        android:icon="@drawable/smk"
21-->src/main/AndroidManifest.xml:13:9-37
22        android:label="@string/app_name"
22-->src/main/AndroidManifest.xml:14:9-41
23        android:roundIcon="@mipmap/ic_launcher_round"
23-->src/main/AndroidManifest.xml:15:9-54
24        android:supportsRtl="true"
24-->src/main/AndroidManifest.xml:16:9-35
25        android:testOnly="true"
25-->src/main/AndroidManifest.xml:17:9-32
26        android:theme="@style/AppTheme"
26-->src/main/AndroidManifest.xml:18:9-40
27        android:usesCleartextTraffic="true" >
27-->src/main/AndroidManifest.xml:19:9-44
28        <activity android:name="id.masnadh.myapppeg.tambahHapusData.DeletePangkatActivity" />
28-->src/main/AndroidManifest.xml:21:9-84
28-->src/main/AndroidManifest.xml:21:19-72
29        <activity android:name="id.masnadh.myapppeg.tambahHapusData.TambahPangkatActivity" />
29-->src/main/AndroidManifest.xml:22:9-75
29-->src/main/AndroidManifest.xml:22:19-72
30        <activity android:name="id.masnadh.myapppeg.tambahHapusData.DeleteJabatanActivity" />
30-->src/main/AndroidManifest.xml:23:9-75
30-->src/main/AndroidManifest.xml:23:19-72
31        <activity android:name="id.masnadh.myapppeg.tambahHapusData.TambahJabatanActivity" />
31-->src/main/AndroidManifest.xml:24:9-75
31-->src/main/AndroidManifest.xml:24:19-72
32        <activity android:name="id.masnadh.myapppeg.activities.RiwayatPegPegActivity" />
32-->src/main/AndroidManifest.xml:25:9-70
32-->src/main/AndroidManifest.xml:25:19-67
33        <activity android:name="id.masnadh.myapppeg.activities.ProfileActivity" />
33-->src/main/AndroidManifest.xml:26:9-64
33-->src/main/AndroidManifest.xml:26:19-61
34        <activity android:name="id.masnadh.myapppeg.tambahHapusData.TambahAnakActivity" />
34-->src/main/AndroidManifest.xml:27:9-72
34-->src/main/AndroidManifest.xml:27:19-69
35        <activity android:name="id.masnadh.myapppeg.tambahHapusData.HapusPasutriActivity" />
35-->src/main/AndroidManifest.xml:28:9-74
35-->src/main/AndroidManifest.xml:28:19-71
36        <activity android:name="id.masnadh.myapppeg.activities.PasutriActivity" />
36-->src/main/AndroidManifest.xml:29:9-64
36-->src/main/AndroidManifest.xml:29:19-61
37        <activity android:name="id.masnadh.myapppeg.tambahHapusData.TambahPasutriActivity" />
37-->src/main/AndroidManifest.xml:30:9-75
37-->src/main/AndroidManifest.xml:30:19-72
38        <activity android:name="id.masnadh.myapppeg.activities.DeleteActivity" />
38-->src/main/AndroidManifest.xml:31:9-63
38-->src/main/AndroidManifest.xml:31:19-60
39        <activity android:name="id.masnadh.myapppeg.activities.TambahPendidikanActivity" />
39-->src/main/AndroidManifest.xml:32:9-73
39-->src/main/AndroidManifest.xml:32:19-70
40        <activity android:name="id.masnadh.myapppeg.adminActivies.AdminActivity" />
40-->src/main/AndroidManifest.xml:33:9-65
40-->src/main/AndroidManifest.xml:33:19-62
41        <activity android:name="id.masnadh.myapppeg.ListActivity" />
41-->src/main/AndroidManifest.xml:34:9-50
41-->src/main/AndroidManifest.xml:34:19-47
42        <activity android:name="id.masnadh.myapppeg.activities.TestActivity" />
42-->src/main/AndroidManifest.xml:35:9-61
42-->src/main/AndroidManifest.xml:35:19-58
43        <activity android:name="id.masnadh.myapppeg.activities.DataActivity" />
43-->src/main/AndroidManifest.xml:36:9-61
43-->src/main/AndroidManifest.xml:36:19-58
44        <activity android:name="id.masnadh.myapppeg.activities.AbsenActivity" />
44-->src/main/AndroidManifest.xml:37:9-62
44-->src/main/AndroidManifest.xml:37:19-59
45        <activity android:name="id.masnadh.myapppeg.activities.RombelActivity" />
45-->src/main/AndroidManifest.xml:38:9-63
45-->src/main/AndroidManifest.xml:38:19-60
46        <activity android:name="id.masnadh.myapppeg.activities.SKPActivity" />
46-->src/main/AndroidManifest.xml:39:9-60
46-->src/main/AndroidManifest.xml:39:19-57
47        <activity android:name="id.masnadh.myapppeg.activities.PendidikanActivity" />
47-->src/main/AndroidManifest.xml:40:9-67
47-->src/main/AndroidManifest.xml:40:19-64
48        <activity android:name="id.masnadh.myapppeg.activities.RiwayatPegActivity" />
48-->src/main/AndroidManifest.xml:41:9-67
48-->src/main/AndroidManifest.xml:41:19-64
49        <activity android:name="id.masnadh.myapppeg.activities.PendukungActivity" />
49-->src/main/AndroidManifest.xml:42:9-66
49-->src/main/AndroidManifest.xml:42:19-63
50        <activity android:name="id.masnadh.myapppeg.activities.UbahActivity" />
50-->src/main/AndroidManifest.xml:43:9-61
50-->src/main/AndroidManifest.xml:43:19-58
51        <activity android:name="id.masnadh.myapppeg.activities.RegisterActivity" />
51-->src/main/AndroidManifest.xml:44:9-65
51-->src/main/AndroidManifest.xml:44:19-62
52        <activity android:name="id.masnadh.myapppeg.MainActivity" />
52-->src/main/AndroidManifest.xml:45:9-50
52-->src/main/AndroidManifest.xml:45:19-47
53        <activity android:name="id.masnadh.myapppeg.activities.LoginActivity" >
53-->src/main/AndroidManifest.xml:46:9-52:20
53-->src/main/AndroidManifest.xml:46:19-59
54            <intent-filter>
54-->src/main/AndroidManifest.xml:47:13-51:29
55                <action android:name="android.intent.action.MAIN" />
55-->src/main/AndroidManifest.xml:48:17-69
55-->src/main/AndroidManifest.xml:48:25-66
56
57                <category android:name="android.intent.category.LAUNCHER" />
57-->src/main/AndroidManifest.xml:50:17-77
57-->src/main/AndroidManifest.xml:50:27-74
58            </intent-filter>
59        </activity>
60
61        <provider
61-->[androidx.lifecycle:lifecycle-process:2.0.0] AndroidManifest.xml:23:9-27:43
62            android:name="androidx.lifecycle.ProcessLifecycleOwnerInitializer"
62-->[androidx.lifecycle:lifecycle-process:2.0.0] AndroidManifest.xml:24:13-79
63            android:authorities="id.masnadh.myapppeg.lifecycle-process"
63-->[androidx.lifecycle:lifecycle-process:2.0.0] AndroidManifest.xml:25:13-69
64            android:exported="false"
64-->[androidx.lifecycle:lifecycle-process:2.0.0] AndroidManifest.xml:26:13-37
65            android:multiprocess="true" />
65-->[androidx.lifecycle:lifecycle-process:2.0.0] AndroidManifest.xml:27:13-40
66    </application>
67
68</manifest>